<?xml version="1.0" encoding="UTF-8"?>
<testsuite xmlns:xsi="http://www.w3.org/2001/XMLSchema-instance" xsi:noNamespaceSchemaLocation="https://maven.apache.org/surefire/maven-surefire-plugin/xsd/surefire-test-report.xsd" name="TestSuite" time="29.777" tests="5" errors="0" skipped="0" failures="0">
  <properties>
[...]
</properties>
  <testcase name="testInvalidLogin" classname="com.examples.tests.LoginTest" time="0.251"/>
  <testcase name="testValidLogin" classname="com.examples.tests.LoginTest" time="0.495"/>
  <testcase name="testAddToCart" classname="com.examples.tests.CartTest" time="0.29"/>
  <testcase name="testRemoveFromCart" classname="com.examples.tests.CartTest" time="0.377"/>
  <testcase name="testCheckoutForm" classname="com.examples.tests.CheckoutTest" time="0.911"/>
</testsuite>