<?xml version="1.0" encoding="UTF-8"?>
<testng-results ignored="0" total="5" passed="5" failed="0" skipped="0">
  <reporter-output>
  </reporter-output>
  <suite started-at="2024-06-25T17:29:50 IST" name="Playwright Test Suite" finished-at="2024-06-25T17:30:19 IST" duration-ms="28929">
    <groups>
    </groups>
    <test started-at="2024-06-25T17:29:50 IST" name="Login Tests" finished-at="2024-06-25T17:30:05 IST" duration-ms="14821">
      <class name="com.examples.tests.LoginTest">
        <test-method is-config="true" signature="setUp()[pri:0, instance:com.examples.tests.LoginTest@1c1bbc4e]" started-at="2024-06-25T17:29:50 IST" name="setUp" finished-at="2024-06-25T17:29:59 IST" duration-ms="9319" status="PASS">
          <reporter-output>
          </reporter-output>
        </test-method> <!-- setUp -->
        <test-method signature="testInvalidLogin()[pri:0, instance:com.examples.tests.LoginTest@1c1bbc4e]" started-at="2024-06-25T17:29:59 IST" name="testInvalidLogin" finished-at="2024-06-25T17:30:00 IST" duration-ms="250" status="PASS">
          <reporter-output>
          </reporter-output>
        </test-method> <!-- testInvalidLogin -->
        <test-method is-config="true" signature="tearDown()[pri:0, instance:com.examples.tests.LoginTest@1c1bbc4e]" started-at="2024-06-25T17:30:00 IST" name="tearDown" finished-at="2024-06-25T17:30:00 IST" duration-ms="374" status="PASS">
          <reporter-output>
          </reporter-output>
        </test-method> <!-- tearDown -->
        <test-method is-config="true" signature="setUp()[pri:0, instance:com.examples.tests.LoginTest@1c1bbc4e]" started-at="2024-06-25T17:30:00 IST" name="setUp" finished-at="2024-06-25T17:30:04 IST" duration-ms="3656" status="PASS">
          <reporter-output>
          </reporter-output>
        </test-method> <!-- setUp -->
        <test-method signature="testValidLogin()[pri:0, instance:com.examples.tests.LoginTest@1c1bbc4e]" started-at="2024-06-25T17:30:04 IST" name="testValidLogin" finished-at="2024-06-25T17:30:04 IST" duration-ms="499" status="PASS">
          <reporter-output>
          </reporter-output>
        </test-method> <!-- testValidLogin -->
        <test-method is-config="true" signature="tearDown()[pri:0, instance:com.examples.tests.LoginTest@1c1bbc4e]" started-at="2024-06-25T17:30:04 IST" name="tearDown" finished-at="2024-06-25T17:30:05 IST" duration-ms="551" status="PASS">
          <reporter-output>
          </reporter-output>
        </test-method> <!-- tearDown -->
      </class> <!-- com.examples.tests.LoginTest -->
    </test> <!-- Login Tests -->
    <test started-at="2024-06-25T17:30:05 IST" name="Cart Tests" finished-at="2024-06-25T17:30:14 IST" duration-ms="8903">
      <class name="com.examples.tests.CartTest">
        <test-method is-config="true" signature="setUp()[pri:0, instance:com.examples.tests.CartTest@4c309d4d]" started-at="2024-06-25T17:30:05 IST" name="setUp" finished-at="2024-06-25T17:30:09 IST" duration-ms="3818" status="PASS">
          <reporter-output>
          </reporter-output>
        </test-method> <!-- setUp -->
        <test-method signature="testAddToCart()[pri:0, instance:com.examples.tests.CartTest@4c309d4d]" started-at="2024-06-25T17:30:09 IST" name="testAddToCart" finished-at="2024-06-25T17:30:09 IST" duration-ms="290" status="PASS">
          <reporter-output>
          </reporter-output>
        </test-method> <!-- testAddToCart -->
        <test-method is-config="true" signature="tearDown()[pri:0, instance:com.examples.tests.CartTest@4c309d4d]" started-at="2024-06-25T17:30:09 IST" name="tearDown" finished-at="2024-06-25T17:30:09 IST" duration-ms="432" status="PASS">
          <reporter-output>
          </reporter-output>
        </test-method> <!-- tearDown -->
        <test-method is-config="true" signature="setUp()[pri:0, instance:com.examples.tests.CartTest@4c309d4d]" started-at="2024-06-25T17:30:09 IST" name="setUp" finished-at="2024-06-25T17:30:13 IST" duration-ms="3578" status="PASS">
          <reporter-output>
          </reporter-output>
        </test-method> <!-- setUp -->
        <test-method signature="testRemoveFromCart()[pri:0, instance:com.examples.tests.CartTest@4c309d4d]" started-at="2024-06-25T17:30:13 IST" name="testRemoveFromCart" finished-at="2024-06-25T17:30:13 IST" duration-ms="377" status="PASS">
          <reporter-output>
          </reporter-output>
        </test-method> <!-- testRemoveFromCart -->
        <test-method is-config="true" signature="tearDown()[pri:0, instance:com.examples.tests.CartTest@4c309d4d]" started-at="2024-06-25T17:30:13 IST" name="tearDown" finished-at="2024-06-25T17:30:14 IST" duration-ms="392" status="PASS">
          <reporter-output>
          </reporter-output>
        </test-method> <!-- tearDown -->
      </class> <!-- com.examples.tests.CartTest -->
    </test> <!-- Cart Tests -->
    <test started-at="2024-06-25T17:30:14 IST" name="Checkout Tests" finished-at="2024-06-25T17:30:19 IST" duration-ms="5125">
      <class name="com.examples.tests.CheckoutTest">
        <test-method is-config="true" signature="setUp()[pri:0, instance:com.examples.tests.CheckoutTest@1dac5ef]" started-at="2024-06-25T17:30:14 IST" name="setUp" finished-at="2024-06-25T17:30:17 IST" duration-ms="3796" status="PASS">
          <reporter-output>
          </reporter-output>
        </test-method> <!-- setUp -->
        <test-method signature="testCheckoutForm()[pri:0, instance:com.examples.tests.CheckoutTest@1dac5ef]" started-at="2024-06-25T17:30:17 IST" name="testCheckoutForm" finished-at="2024-06-25T17:30:18 IST" duration-ms="912" status="PASS">
          <reporter-output>
          </reporter-output>
        </test-method> <!-- testCheckoutForm -->
        <test-method is-config="true" signature="tearDown()[pri:0, instance:com.examples.tests.CheckoutTest@1dac5ef]" started-at="2024-06-25T17:30:18 IST" name="tearDown" finished-at="2024-06-25T17:30:19 IST" duration-ms="408" status="PASS">
          <reporter-output>
          </reporter-output>
        </test-method> <!-- tearDown -->
      </class> <!-- com.examples.tests.CheckoutTest -->
    </test> <!-- Checkout Tests -->
  </suite> <!-- Playwright Test Suite -->
</testng-results>
